<?xml version="1.0" encoding="UTF-8" ?>
<testsuites errors="1"
            failures="1"
            tests="1">

  <testsuite name="with-page-objects.google"
    errors="1" failures="1" hostname="" id="" package="with-page-objects" skipped="0"
    tests="1" time="14.51" timestamp="">
  
    <testcase name="should find nightwatch.js in results" classname="with-page-objects.google" time="6.535" assertions="1">  <failure message="Timed out while waiting for element &lt;input[value=&#34;Google Search&#34;]&gt; to be present for 1000 milliseconds. - expected &#34;visible&#34; but got: &#34;not found&#34; (1062ms)">    at Page.submit (/home/mehdi/Delivery/ubisoft/TwoShips/nightwatch/page-objects/google/search.js:17:10)
    at DescribeInstance.&lt;anonymous&gt; (/home/mehdi/Delivery/ubisoft/TwoShips/nightwatch/examples/with-page-objects/google.js:20:14)</failure>

    
    <error message="Timed out while waiting for element &lt;input[value=&#34;Google Search&#34;]&gt; to be present for 1000 milliseconds. - expected [32m&#34;visible&#34;[39m but got: [31m&#34;not found&#34;[39m [90m(1062ms)[39m" type="error"><![CDATA[
    Error
    at Command.executeCommand (/home/mehdi/Delivery/ubisoft/TwoShips/node_modules/nightwatch/dist/page-object/command-wrapper.js:235:26)
    at Page.waitForElementVisible (/home/mehdi/Delivery/ubisoft/TwoShips/node_modules/nightwatch/dist/page-object/command-wrapper.js:72:33)
    at Page.submit (/home/mehdi/Delivery/ubisoft/TwoShips/nightwatch/page-objects/google/search.js:17:10)
    at DescribeInstance.&lt;anonymous&gt; (/home/mehdi/Delivery/ubisoft/TwoShips/nightwatch/examples/with-page-objects/google.js:20:14)
    at Context.call (/home/mehdi/Delivery/ubisoft/TwoShips/node_modules/nightwatch/dist/testsuite/context.js:413:39)
    at TestCase.run (/home/mehdi/Delivery/ubisoft/TwoShips/node_modules/nightwatch/dist/testsuite/testcase.js:50:39)
    at Runnable.__runFn (/home/mehdi/Delivery/ubisoft/TwoShips/node_modules/nightwatch/dist/testsuite/index.js:647:84)
    at Runnable.run (/home/mehdi/Delivery/ubisoft/TwoShips/node_modules/nightwatch/dist/testsuite/runnable.js:103:27)
    at TestSuite.executeRunnable (/home/mehdi/Delivery/ubisoft/TwoShips/node_modules/nightwatch/dist/testsuite/index.js:776:55)
    at TestSuite.handleRunnable (/home/mehdi/Delivery/ubisoft/TwoShips/node_modules/nightwatch/dist/testsuite/index.js:789:39)
    ]]></error>
    
    </testcase>
  

  
    <system-err>
       TimeoutError
   An error occurred while running .click() command on &lt;body&gt;: element not interactable: element has zero size
  (Session info: chrome=116.0.5845.110)
    {&#34;error&#34;:{&#34;name&#34;:&#34;ElementNotInteractableError&#34;,&#34;remoteStacktrace&#34;:&#34;&#34;},&#34;status&#34;:-1,&#34;value&#34;:null}

    Error location:
    /home/mehdi/Delivery/ubisoft/TwoShips/nightwatch/examples/twoshipstest/canimove.js:
    ––––––––––––––––––––––––––––––––––––––––––––––––––––––––––––––––––––––––––––––––––––
     2 |     it(&#39;Can i shoot&#39;, function(client) {
     3 |       client
     4 |       .click(&#34;body&#34;) 
     5 | //         client.keys(&#34;z&#34;, function(done) {
     6 | //     client.pause(5000);
    ––––––––––––––––––––––––––––––––––––––––––––––––––––––––––––––––––––––––––––––––––––

 NoSuchElementError
   An element could not be located on the page using the given search parameters.

    Try fixing by :
    1. Please inspect the html before the step
    2. Verify if an element with the mentioned selector is present in the DOM tree

    Error location:
    /home/mehdi/Delivery/ubisoft/TwoShips/nightwatch/examples/with-page-objects/google.js:
    –––––––––––––––––––––––––––––––––––––––––––––––––––––––––––––––––––––––––––––––––––––––
     17 | 
     18 |   it(&#39;should find nightwatch.js in results&#39;, function(browser) {
     19 |     homePage.setValue(&#39;@searchBar&#39;, &#39;Nightwatch.js&#39;); 
     20 |     homePage.submit();
     21 | 
    –––––––––––––––––––––––––––––––––––––––––––––––––––––––––––––––––––––––––––––––––––––––

    </system-err>
  

    

  
  </testsuite>
</testsuites>
